885  [main] INFO  o.s.c.a.AnnotationConfigApplicationContext - Refreshing org.springframework.context.annotation.AnnotationConfigApplicationContext@2b52c0d6: startup date [Fri Mar 08 15:33:05 CST 2019]; root of context hierarchy
1073 [main] INFO  o.s.b.f.a.AutowiredAnnotationBeanPostProcessor - JSR-330 'javax.inject.Inject' annotation found and supported for autowiring
1119 [main] INFO  o.s.c.s.PostProcessorRegistrationDelegate$BeanPostProcessorChecker - Bean 'configurationPropertiesRebinderAutoConfiguration' of type [org.springframework.cloud.autoconfigure.ConfigurationPropertiesRebinderAutoConfiguration$$EnhancerBySpringCGLIB$$e48a0c27] is not eligible for getting processed by all BeanPostProcessors (for example: not eligible for auto-proxying)
844  [main] INFO  o.s.c.a.AnnotationConfigApplicationContext - Refreshing org.springframework.context.annotation.AnnotationConfigApplicationContext@24f360b2: startup date [Fri Mar 08 15:35:03 CST 2019]; root of context hierarchy
1024 [main] INFO  o.s.b.f.a.AutowiredAnnotationBeanPostProcessor - JSR-330 'javax.inject.Inject' annotation found and supported for autowiring
1054 [main] INFO  o.s.c.s.PostProcessorRegistrationDelegate$BeanPostProcessorChecker - Bean 'configurationPropertiesRebinderAutoConfiguration' of type [org.springframework.cloud.autoconfigure.ConfigurationPropertiesRebinderAutoConfiguration$$EnhancerBySpringCGLIB$$41f52dd3] is not eligible for getting processed by all BeanPostProcessors (for example: not eligible for auto-proxying)
5796 [main] INFO  c.c.f.f.i.p.DefaultApplicationProvider - App ID is set to 123456789 by app.id property from System Property
5798 [main] INFO  c.c.f.f.i.p.DefaultServerProvider - Environment is set to null. Because it is not available in either (1) JVM system property 'env', (2) OS env variable 'ENV' nor (3) property 'env' from the properties InputStream.
5826 [main] INFO  c.c.f.a.i.DefaultMetaServerProvider - Located meta services from apollo.meta configuration: http://apollo:8080!
5828 [main] INFO  c.c.f.apollo.core.MetaDomainConsts - Located meta server address http://apollo:8080 for env UNKNOWN from com.ctrip.framework.apollo.internals.DefaultMetaServerProvider
13885 [main] WARN  c.c.f.a.i.AbstractConfigRepository - Sync config failed, will retry. Repository class com.ctrip.framework.apollo.internals.RemoteConfigRepository, reason: Get config services failed from http://apollo:8080/services/config?appId=123456789&ip=192.168.1.55 [Cause: Could not complete get operation [Cause: connect timed out]]
17898 [main] WARN  c.c.f.a.i.LocalFileConfigRepository - Sync config from upstream repository class com.ctrip.framework.apollo.internals.RemoteConfigRepository failed, reason: Get config services failed from http://apollo:8080/services/config?appId=123456789&ip=192.168.1.55 [Cause: Could not complete get operation [Cause: connect timed out]]
21915 [Apollo-RemoteConfigLongPollService-1] WARN  c.c.f.a.i.RemoteConfigLongPollService - Long polling failed, will retry in 1 seconds. appId: 123456789, cluster: default, namespaces: application, long polling url: null, reason: Get config services failed from http://apollo:8080/services/config?appId=123456789&ip=192.168.1.55 [Cause: Could not complete get operation [Cause: connect timed out]]
25923 [main] WARN  c.c.f.a.i.LocalFileConfigRepository - Sync config from upstream repository class com.ctrip.framework.apollo.internals.RemoteConfigRepository failed, reason: Get config services failed from http://apollo:8080/services/config?appId=123456789&ip=192.168.1.55 [Cause: Could not complete get operation [Cause: connect timed out]]
25924 [main] WARN  c.c.f.a.i.AbstractConfigRepository - Sync config failed, will retry. Repository class com.ctrip.framework.apollo.internals.LocalFileConfigRepository, reason: Load config from local config failed! [Cause: Cannot read from local cache file /Users/libolin/GitHub/uplus-server/target/test-classes/config-cache/123456789+default+application.properties]
29932 [Apollo-RemoteConfigLongPollService-1] WARN  c.c.f.a.i.RemoteConfigLongPollService - Long polling failed, will retry in 2 seconds. appId: 123456789, cluster: default, namespaces: application, long polling url: null, reason: Get config services failed from http://apollo:8080/services/config?appId=123456789&ip=192.168.1.55 [Cause: Could not complete get operation [Cause: connect timed out]]
33943 [main] WARN  c.c.f.a.i.LocalFileConfigRepository - Sync config from upstream repository class com.ctrip.framework.apollo.internals.RemoteConfigRepository failed, reason: Get config services failed from http://apollo:8080/services/config?appId=123456789&ip=192.168.1.55 [Cause: Could not complete get operation [Cause: connect timed out]]
33953 [main] WARN  c.c.f.a.internals.DefaultConfig - Init Apollo Local Config failed - namespace: application, reason: Load config from local config failed! [Cause: Cannot read from local cache file /Users/libolin/GitHub/uplus-server/target/test-classes/config-cache/123456789+default+application.properties].
33955 [main] INFO  c.t.u.UplusserverApplicationTests - The following profiles are active: dev
33975 [main] INFO  o.s.w.c.s.GenericWebApplicationContext - Refreshing org.springframework.web.context.support.GenericWebApplicationContext@460b6d54: startup date [Fri Mar 08 15:35:36 CST 2019]; parent: org.springframework.context.annotation.AnnotationConfigApplicationContext@24f360b2
34291 [main] WARN  c.c.f.a.internals.DefaultConfig - Could not load config for namespace application from Apollo, please check whether the configs are released in Apollo! Return default value now!
34689 [main] INFO  o.s.d.r.c.RepositoryConfigurationDelegate - Multiple Spring Data modules found, entering strict repository configuration mode!
35644 [main] INFO  o.s.d.r.c.RepositoryConfigurationDelegate - Multiple Spring Data modules found, entering strict repository configuration mode!
35751 [main] INFO  o.s.d.r.c.RepositoryConfigurationExtensionSupport - Spring Data Redis - Could not safely identify store assignment for repository candidate interface com.tianyaleixiaolin.uplusserver.core.company.company.PtCompanyRepository.
35754 [main] INFO  o.s.d.r.c.RepositoryConfigurationExtensionSupport - Spring Data Redis - Could not safely identify store assignment for repository candidate interface com.tianyaleixiaolin.uplusserver.core.company.company.PtCompanyTempRepository.
35757 [main] INFO  o.s.d.r.c.RepositoryConfigurationExtensionSupport - Spring Data Redis - Could not safely identify store assignment for repository candidate interface com.tianyaleixiaolin.uplusserver.core.company.goods.PtGoodsPlanRepository.
35760 [main] INFO  o.s.d.r.c.RepositoryConfigurationExtensionSupport - Spring Data Redis - Could not safely identify store assignment for repository candidate interface com.tianyaleixiaolin.uplusserver.core.company.goods.PtGoodsRepository.
35761 [main] INFO  o.s.d.r.c.RepositoryConfigurationExtensionSupport - Spring Data Redis - Could not safely identify store assignment for repository candidate interface com.tianyaleixiaolin.uplusserver.core.company.goods.PtGoodsTempRepository.
35762 [main] INFO  o.s.d.r.c.RepositoryConfigurationExtensionSupport - Spring Data Redis - Could not safely identify store assignment for repository candidate interface com.tianyaleixiaolin.uplusserver.core.company.youserver.PtCashPrePayRepository.
35763 [main] INFO  o.s.d.r.c.RepositoryConfigurationExtensionSupport - Spring Data Redis - Could not safely identify store assignment for repository candidate interface com.tianyaleixiaolin.uplusserver.core.company.youserver.PtPhoneDoctorRepository.
35769 [main] INFO  o.s.d.r.c.RepositoryConfigurationExtensionSupport - Spring Data Redis - Could not safely identify store assignment for repository candidate interface com.tianyaleixiaolin.uplusserver.core.dict.PtDictRepository.
35772 [main] INFO  o.s.d.r.c.RepositoryConfigurationExtensionSupport - Spring Data Redis - Could not safely identify store assignment for repository candidate interface com.tianyaleixiaolin.uplusserver.core.dict.area.AreaRepository.
35775 [main] INFO  o.s.d.r.c.RepositoryConfigurationExtensionSupport - Spring Data Redis - Could not safely identify store assignment for repository candidate interface com.tianyaleixiaolin.uplusserver.core.medical.chinamed.PtChinaMedRepository.
35776 [main] INFO  o.s.d.r.c.RepositoryConfigurationExtensionSupport - Spring Data Redis - Could not safely identify store assignment for repository candidate interface com.tianyaleixiaolin.uplusserver.core.medical.chinamed.child.PtChinaMedChildRepository.
35778 [main] INFO  o.s.d.r.c.RepositoryConfigurationExtensionSupport - Spring Data Redis - Could not safely identify store assignment for repository candidate interface com.tianyaleixiaolin.uplusserver.core.medical.dentistry.PtDentistryRepository.
35780 [main] INFO  o.s.d.r.c.RepositoryConfigurationExtensionSupport - Spring Data Redis - Could not safely identify store assignment for repository candidate interface com.tianyaleixiaolin.uplusserver.core.medical.dentistry.child.PtDentistryChildRepository.
35783 [main] INFO  o.s.d.r.c.RepositoryConfigurationExtensionSupport - Spring Data Redis - Could not safely identify store assignment for repository candidate interface com.tianyaleixiaolin.uplusserver.core.medical.doctor.PtDoctorRepository.
35790 [main] INFO  o.s.d.r.c.RepositoryConfigurationExtensionSupport - Spring Data Redis - Could not safely identify store assignment for repository candidate interface com.tianyaleixiaolin.uplusserver.core.medical.hospital.PtHospitalRepository.
35794 [main] INFO  o.s.d.r.c.RepositoryConfigurationExtensionSupport - Spring Data Redis - Could not safely identify store assignment for repository candidate interface com.tianyaleixiaolin.uplusserver.core.medical.physical.PtPhysicalRepository.
35798 [main] INFO  o.s.d.r.c.RepositoryConfigurationExtensionSupport - Spring Data Redis - Could not safely identify store assignment for repository candidate interface com.tianyaleixiaolin.uplusserver.core.medical.physical.child.PtPhysicalChildRepository.
35799 [main] INFO  o.s.d.r.c.RepositoryConfigurationExtensionSupport - Spring Data Redis - Could not safely identify store assignment for repository candidate interface com.tianyaleixiaolin.uplusserver.core.operation.OperationLogRepository.
35813 [main] INFO  o.s.d.r.c.RepositoryConfigurationExtensionSupport - Spring Data Redis - Could not safely identify store assignment for repository candidate interface com.tianyaleixiaolin.uplusserver.core.order.PtOrderRelationRepository.
35816 [main] INFO  o.s.d.r.c.RepositoryConfigurationExtensionSupport - Spring Data Redis - Could not safely identify store assignment for repository candidate interface com.tianyaleixiaolin.uplusserver.core.order.PtOrderRepository.
35818 [main] INFO  o.s.d.r.c.RepositoryConfigurationExtensionSupport - Spring Data Redis - Could not safely identify store assignment for repository candidate interface com.tianyaleixiaolin.uplusserver.core.order.PtOrderTempRepository.
35819 [main] INFO  o.s.d.r.c.RepositoryConfigurationExtensionSupport - Spring Data Redis - Could not safely identify store assignment for repository candidate interface com.tianyaleixiaolin.uplusserver.core.person.PtGroundPersonRepository.
35821 [main] INFO  o.s.d.r.c.RepositoryConfigurationExtensionSupport - Spring Data Redis - Could not safely identify store assignment for repository candidate interface com.tianyaleixiaolin.uplusserver.core.person.price.PtAreaPriceRepository.
35826 [main] INFO  o.s.d.r.c.RepositoryConfigurationExtensionSupport - Spring Data Redis - Could not safely identify store assignment for repository candidate interface com.tianyaleixiaolin.uplusserver.core.person.sign.PtSignRepository.
35829 [main] INFO  o.s.d.r.c.RepositoryConfigurationExtensionSupport - Spring Data Redis - Could not safely identify store assignment for repository candidate interface com.tianyaleixiaolin.uplusserver.core.product.PtProductRepository.
35832 [main] INFO  o.s.d.r.c.RepositoryConfigurationExtensionSupport - Spring Data Redis - Could not safely identify store assignment for repository candidate interface com.tianyaleixiaolin.uplusserver.core.product.change.PtChangeRepository.
35834 [main] INFO  o.s.d.r.c.RepositoryConfigurationExtensionSupport - Spring Data Redis - Could not safely identify store assignment for repository candidate interface com.tianyaleixiaolin.uplusserver.core.product.define.PtProductDefineSettingRepository.
35835 [main] INFO  o.s.d.r.c.RepositoryConfigurationExtensionSupport - Spring Data Redis - Could not safely identify store assignment for repository candidate interface com.tianyaleixiaolin.uplusserver.core.product.flow.PtOrderFlowRepository.
35837 [main] INFO  o.s.d.r.c.RepositoryConfigurationExtensionSupport - Spring Data Redis - Could not safely identify store assignment for repository candidate interface com.tianyaleixiaolin.uplusserver.core.product.flow.claim.PtClaimRepository.
35840 [main] INFO  o.s.d.r.c.RepositoryConfigurationExtensionSupport - Spring Data Redis - Could not safely identify store assignment for repository candidate interface com.tianyaleixiaolin.uplusserver.core.product.flow.setting.PtOrderFlowSettingRepository.
35845 [main] INFO  o.s.d.r.c.RepositoryConfigurationExtensionSupport - Spring Data Redis - Could not safely identify store assignment for repository candidate interface com.tianyaleixiaolin.uplusserver.core.product.order.PtProductOrderRepository.
35848 [main] INFO  o.s.d.r.c.RepositoryConfigurationExtensionSupport - Spring Data Redis - Could not safely identify store assignment for repository candidate interface com.tianyaleixiaolin.uplusserver.core.product.ordersend.PtOrderSendSettingRepository.
35850 [main] INFO  o.s.d.r.c.RepositoryConfigurationExtensionSupport - Spring Data Redis - Could not safely identify store assignment for repository candidate interface com.tianyaleixiaolin.uplusserver.core.product.receive.PtOrderReceiveRepository.
35851 [main] INFO  o.s.d.r.c.RepositoryConfigurationExtensionSupport - Spring Data Redis - Could not safely identify store assignment for repository candidate interface com.tianyaleixiaolin.uplusserver.core.product.template.prepay.PtPrePayTemplateRepository.
35852 [main] INFO  o.s.d.r.c.RepositoryConfigurationExtensionSupport - Spring Data Redis - Could not safely identify store assignment for repository candidate interface com.tianyaleixiaolin.uplusserver.core.user.menu.PtMenuRepository.
35853 [main] INFO  o.s.d.r.c.RepositoryConfigurationExtensionSupport - Spring Data Redis - Could not safely identify store assignment for repository candidate interface com.tianyaleixiaolin.uplusserver.core.user.menu.PtRoleMenuRepository.
35860 [main] INFO  o.s.d.r.c.RepositoryConfigurationExtensionSupport - Spring Data Redis - Could not safely identify store assignment for repository candidate interface com.tianyaleixiaolin.uplusserver.core.user.role.PtRoleRepository.
35864 [main] INFO  o.s.d.r.c.RepositoryConfigurationExtensionSupport - Spring Data Redis - Could not safely identify store assignment for repository candidate interface com.tianyaleixiaolin.uplusserver.core.user.user.PtUserRepository.
35867 [main] INFO  o.s.d.r.c.RepositoryConfigurationExtensionSupport - Spring Data Redis - Could not safely identify store assignment for repository candidate interface com.tianyaleixiaolin.uplusserver.core.user.userrole.PtUserRoleRepository.
36243 [main] INFO  o.s.b.f.s.DefaultListableBeanFactory - Overriding bean definition for bean 'dataSource' with a different definition: replacing [Root bean: class [null]; scope=refresh; abstract=false; lazyInit=false; autowireMode=3; dependencyCheck=0; autowireCandidate=false; primary=false; factoryBeanName=org.springframework.boot.autoconfigure.jdbc.DataSourceConfiguration$Hikari; factoryMethodName=dataSource; initMethodName=null; destroyMethodName=(inferred); defined in class path resource [org/springframework/boot/autoconfigure/jdbc/DataSourceConfiguration$Hikari.class]] with [Root bean: class [org.springframework.aop.scope.ScopedProxyFactoryBean]; scope=; abstract=false; lazyInit=false; autowireMode=0; dependencyCheck=0; autowireCandidate=true; primary=false; factoryBeanName=null; factoryMethodName=null; initMethodName=null; destroyMethodName=null; defined in BeanDefinition defined in class path resource [org/springframework/boot/autoconfigure/jdbc/DataSourceConfiguration$Hikari.class]]
36265 [main] WARN  o.s.c.a.ConfigurationClassPostProcessor - Cannot enhance @Configuration bean definition 'com.ctrip.framework.apollo.spring.boot.ApolloAutoConfiguration' since its singleton instance has been created too early. The typical cause is a non-static @Bean method with a BeanDefinitionRegistryPostProcessor return type: Consider declaring such methods as 'static'.
36459 [main] INFO  o.s.c.context.scope.GenericScope - BeanFactory id=6856fbc7-e286-344d-a963-c9644b2df3d0
36576 [main] INFO  o.s.b.f.a.AutowiredAnnotationBeanPostProcessor - JSR-330 'javax.inject.Inject' annotation found and supported for autowiring
36594 [main] WARN  o.s.b.c.p.PropertySourcesDeducer - Multiple PropertySourcesPlaceholderConfigurer beans registered [propertySourcesPlaceholderConfigurer, org.springframework.context.support.PropertySourcesPlaceholderConfigurer], falling back to Environment
36732 [main] INFO  o.s.c.s.PostProcessorRegistrationDelegate$BeanPostProcessorChecker - Bean 'org.springframework.transaction.annotation.ProxyTransactionManagementConfiguration' of type [org.springframework.transaction.annotation.ProxyTransactionManagementConfiguration$$EnhancerBySpringCGLIB$$25db2ad6] is not eligible for getting processed by all BeanPostProcessors (for example: not eligible for auto-proxying)
36933 [main] INFO  o.s.c.s.PostProcessorRegistrationDelegate$BeanPostProcessorChecker - Bean 'org.springframework.cloud.autoconfigure.ConfigurationPropertiesRebinderAutoConfiguration' of type [org.springframework.cloud.autoconfigure.ConfigurationPropertiesRebinderAutoConfiguration$$EnhancerBySpringCGLIB$$41f52dd3] is not eligible for getting processed by all BeanPostProcessors (for example: not eligible for auto-proxying)
37278 [main] INFO  o.s.o.j.LocalContainerEntityManagerFactoryBean - Building JPA container EntityManagerFactory for persistence unit 'default'
37302 [main] INFO  o.h.jpa.internal.util.LogHelper - HHH000204: Processing PersistenceUnitInfo [
	name: default
	...]
37369 [main] INFO  org.hibernate.Version - HHH000412: Hibernate Core {5.2.17.Final}
37371 [main] INFO  org.hibernate.cfg.Environment - HHH000206: hibernate.properties not found
37412 [main] INFO  o.h.annotations.common.Version - HCANN000001: Hibernate Commons Annotations {5.0.1.Final}
37531 [main] INFO  com.zaxxer.hikari.HikariDataSource - HikariPool-1 - Starting...
37787 [main] INFO  com.zaxxer.hikari.HikariDataSource - HikariPool-1 - Start completed.
37799 [main] INFO  org.hibernate.dialect.Dialect - HHH000400: Using dialect: org.hibernate.dialect.MySQL5InnoDBDialect
37961 [Apollo-RemoteConfigLongPollService-1] WARN  c.c.f.a.i.RemoteConfigLongPollService - Long polling failed, will retry in 4 seconds. appId: 123456789, cluster: default, namespaces: application, long polling url: null, reason: Get config services failed from http://apollo:8080/services/config?appId=123456789&ip=192.168.1.55 [Cause: Could not complete get operation [Cause: connect timed out]]
39792 [main] INFO  o.s.o.j.LocalContainerEntityManagerFactoryBean - Initialized JPA EntityManagerFactory for persistence unit 'default'
40827 [main] INFO  o.h.h.i.QueryTranslatorFactoryInitiator - HHH000397: Using ASTQueryTranslatorFactory
42812 [main] INFO  com.yunpian.sdk.YunpianClient - YunpianClient is initing!
42812 [main] INFO  com.yunpian.sdk.YunpianConf - load default yunpian.properties
42812 [main] INFO  com.yunpian.sdk.YunpianConf - apikey-84ab7e37f4c2494fd813ba00b03b0401 conf-{yp.flow.host=https://flow.yunpian.com, yp.sign.host=https://sms.yunpian.com, yp.tpl.host=https://sms.yunpian.com, http.conn.maxperroute=50, yp.user.host=https://sms.yunpian.com, yp.version=v2, yp.call.host=https://call.yunpian.com, yp.short_url.host=https://sms.yunpian.com, http.charset=utf-8, http.conn.timeout=10000, yp.voice.host=https://voice.yunpian.com, http.so.timeout=30000, yp.sms.host=https://sms.yunpian.com, http.conn.maxtotal=200}
42867 [main] INFO  com.yunpian.sdk.YunpianClient - YunpianClient is initing!
42868 [main] INFO  com.yunpian.sdk.YunpianClient - YunpianClient is closing!
42873 [main] INFO  com.yunpian.sdk.YunpianConf - apikey-84ab7e37f4c2494fd813ba00b03b0401 conf-{yp.flow.host=https://flow.yunpian.com, yp.sign.host=https://sms.yunpian.com, yp.tpl.host=https://sms.yunpian.com, http.conn.maxperroute=50, yp.user.host=https://sms.yunpian.com, yp.version=v2, yp.call.host=https://call.yunpian.com, yp.short_url.host=https://sms.yunpian.com, http.charset=utf-8, http.conn.timeout=10000, yp.voice.host=https://voice.yunpian.com, http.so.timeout=30000, yp.sms.host=https://sms.yunpian.com, http.conn.maxtotal=200}
43546 [main] WARN  c.n.c.s.URLConfigurationSource - No URLs will be polled as dynamic configuration sources.
43546 [main] INFO  c.n.c.s.URLConfigurationSource - To enable URLs as dynamic configuration sources, define System property archaius.configurationSource.additionalUrls or make config.properties available on classpath.
43556 [main] WARN  c.n.c.s.URLConfigurationSource - No URLs will be polled as dynamic configuration sources.
43557 [main] INFO  c.n.c.s.URLConfigurationSource - To enable URLs as dynamic configuration sources, define System property archaius.configurationSource.additionalUrls or make config.properties available on classpath.
43712 [main] INFO  o.s.w.s.h.SimpleUrlHandlerMapping - Mapped URL path [/**/favicon.ico] onto handler of type [class org.springframework.web.servlet.resource.ResourceHttpRequestHandler]
44040 [main] INFO  o.s.w.s.m.m.a.RequestMappingHandlerAdapter - Looking for @ControllerAdvice: org.springframework.web.context.support.GenericWebApplicationContext@460b6d54: startup date [Fri Mar 08 15:35:36 CST 2019]; parent: org.springframework.context.annotation.AnnotationConfigApplicationContext@24f360b2
44134 [main] INFO  o.s.w.s.m.m.a.RequestMappingHandlerMapping - Mapped "{[/company],methods=[POST]}" onto public com.tianyaleixiaolin.uplusserver.global.bean.BaseData com.tianyaleixiaolin.uplusserver.core.company.company.CompanyController.add(com.tianyaleixiaolin.uplusserver.core.company.company.PtCompany)
44135 [main] INFO  o.s.w.s.m.m.a.RequestMappingHandlerMapping - Mapped "{[/company],methods=[PUT]}" onto public com.tianyaleixiaolin.uplusserver.global.bean.BaseData com.tianyaleixiaolin.uplusserver.core.company.company.CompanyController.update(com.tianyaleixiaolin.uplusserver.core.company.company.PtCompany,java.lang.String)
44136 [main] INFO  o.s.w.s.m.m.a.RequestMappingHandlerMapping - Mapped "{[/company],methods=[GET]}" onto public com.tianyaleixiaolin.uplusserver.global.bean.BaseData com.tianyaleixiaolin.uplusserver.core.company.company.CompanyController.list(com.tianyaleixiaolin.uplusserver.global.bean.request.CompanyListQueryModel)
44136 [main] INFO  o.s.w.s.m.m.a.RequestMappingHandlerMapping - Mapped "{[/company/{id}],methods=[GET]}" onto public com.tianyaleixiaolin.uplusserver.global.bean.BaseData com.tianyaleixiaolin.uplusserver.core.company.company.CompanyController.one(java.lang.Long)
44136 [main] INFO  o.s.w.s.m.m.a.RequestMappingHandlerMapping - Mapped "{[/company/{id}/detail],methods=[GET]}" onto public com.tianyaleixiaolin.uplusserver.global.bean.BaseData com.tianyaleixiaolin.uplusserver.core.company.company.CompanyController.detail(java.lang.Long)
44137 [main] INFO  o.s.w.s.m.m.a.RequestMappingHandlerMapping - Mapped "{[/company/tempList],methods=[GET]}" onto public com.tianyaleixiaolin.uplusserver.global.bean.BaseData com.tianyaleixiaolin.uplusserver.core.company.company.CompanyController.confirm(com.tianyaleixiaolin.uplusserver.global.bean.request.CompanyTempListQueryModel)
44137 [main] INFO  o.s.w.s.m.m.a.RequestMappingHandlerMapping - Mapped "{[/company/{id}/detail/confirm],methods=[POST]}" onto public com.tianyaleixiaolin.uplusserver.global.bean.BaseData com.tianyaleixiaolin.uplusserver.core.company.company.CompanyController.confirm(java.lang.Long,java.lang.Boolean)
44141 [main] INFO  o.s.w.s.m.m.a.RequestMappingHandlerMapping - Mapped "{[/goods],methods=[POST]}" onto public com.tianyaleixiaolin.uplusserver.global.bean.BaseData com.tianyaleixiaolin.uplusserver.core.company.goods.GoodsController.add(com.tianyaleixiaolin.uplusserver.global.bean.request.GoodsAddUpdateModel)
44142 [main] INFO  o.s.w.s.m.m.a.RequestMappingHandlerMapping - Mapped "{[/goods],methods=[PUT]}" onto public com.tianyaleixiaolin.uplusserver.global.bean.BaseData com.tianyaleixiaolin.uplusserver.core.company.goods.GoodsController.update(com.tianyaleixiaolin.uplusserver.global.bean.request.GoodsAddUpdateModel)
44142 [main] INFO  o.s.w.s.m.m.a.RequestMappingHandlerMapping - Mapped "{[/goods/{id}],methods=[DELETE]}" onto public com.tianyaleixiaolin.uplusserver.global.bean.BaseData com.tianyaleixiaolin.uplusserver.core.company.goods.GoodsController.delete(java.lang.Long,java.lang.Boolean)
44143 [main] INFO  o.s.w.s.m.m.a.RequestMappingHandlerMapping - Mapped "{[/goods],methods=[GET]}" onto public com.tianyaleixiaolin.uplusserver.global.bean.BaseData com.tianyaleixiaolin.uplusserver.core.company.goods.GoodsController.list(java.lang.Long,org.springframework.data.domain.Pageable)
44143 [main] INFO  o.s.w.s.m.m.a.RequestMappingHandlerMapping - Mapped "{[/goods/{id}],methods=[GET]}" onto public com.tianyaleixiaolin.uplusserver.global.bean.BaseData com.tianyaleixiaolin.uplusserver.core.company.goods.GoodsController.one(java.lang.Long)
44143 [main] INFO  o.s.w.s.m.m.a.RequestMappingHandlerMapping - Mapped "{[/goods/{id}/detail],methods=[GET]}" onto public com.tianyaleixiaolin.uplusserver.global.bean.BaseData com.tianyaleixiaolin.uplusserver.core.company.goods.GoodsController.detail(java.lang.Long)
44144 [main] INFO  o.s.w.s.m.m.a.RequestMappingHandlerMapping - Mapped "{[/goods/cashPrePay/{id}],methods=[GET]}" onto public com.tianyaleixiaolin.uplusserver.global.bean.BaseData com.tianyaleixiaolin.uplusserver.core.company.goods.GoodsController.cashPrePay(java.lang.Long)
44144 [main] INFO  o.s.w.s.m.m.a.RequestMappingHandlerMapping - Mapped "{[/goods/phoneDoctor/{id}],methods=[GET]}" onto public com.tianyaleixiaolin.uplusserver.global.bean.BaseData com.tianyaleixiaolin.uplusserver.core.company.goods.GoodsController.phoneDoctor(java.lang.Long)
44144 [main] INFO  o.s.w.s.m.m.a.RequestMappingHandlerMapping - Mapped "{[/goods/tempList],methods=[GET]}" onto public com.tianyaleixiaolin.uplusserver.global.bean.BaseData com.tianyaleixiaolin.uplusserver.core.company.goods.GoodsController.confirm(com.tianyaleixiaolin.uplusserver.global.bean.request.GoodsTempListQueryModel)
44144 [main] INFO  o.s.w.s.m.m.a.RequestMappingHandlerMapping - Mapped "{[/goods/{id}/detail/confirm],methods=[POST]}" onto public com.tianyaleixiaolin.uplusserver.global.bean.BaseData com.tianyaleixiaolin.uplusserver.core.company.goods.GoodsController.confirm(java.lang.Long,java.lang.Boolean)
44145 [main] INFO  o.s.w.s.m.m.a.RequestMappingHandlerMapping - Mapped "{[/goodsPlan],methods=[POST]}" onto public com.tianyaleixiaolin.uplusserver.global.bean.BaseData com.tianyaleixiaolin.uplusserver.core.company.goods.GoodsPlanController.add(com.tianyaleixiaolin.uplusserver.core.company.goods.PtGoodsPlan)
44146 [main] INFO  o.s.w.s.m.m.a.RequestMappingHandlerMapping - Mapped "{[/goodsPlan],methods=[PUT]}" onto public com.tianyaleixiaolin.uplusserver.global.bean.BaseData com.tianyaleixiaolin.uplusserver.core.company.goods.GoodsPlanController.update(com.tianyaleixiaolin.uplusserver.core.company.goods.PtGoodsPlan)
44146 [main] INFO  o.s.w.s.m.m.a.RequestMappingHandlerMapping - Mapped "{[/goodsPlan/{id}],methods=[DELETE]}" onto public com.tianyaleixiaolin.uplusserver.global.bean.BaseData com.tianyaleixiaolin.uplusserver.core.company.goods.GoodsPlanController.delete(java.lang.Long,java.lang.Boolean)
44146 [main] INFO  o.s.w.s.m.m.a.RequestMappingHandlerMapping - Mapped "{[/goodsPlan],methods=[GET]}" onto public com.tianyaleixiaolin.uplusserver.global.bean.BaseData com.tianyaleixiaolin.uplusserver.core.company.goods.GoodsPlanController.list(java.lang.Long)
44147 [main] INFO  o.s.w.s.m.m.a.RequestMappingHandlerMapping - Mapped "{[/index]}" onto public com.tianyaleixiaolin.uplusserver.global.bean.BaseData com.tianyaleixiaolin.uplusserver.core.company.goods.IndexController.index(com.tianyaleixiaolin.uplusserver.core.company.goods.PtGoodsPlan)
44147 [main] INFO  o.s.w.s.m.m.a.RequestMappingHandlerMapping - Mapped "{[/index1]}" onto public com.tianyaleixiaolin.uplusserver.global.bean.BaseData com.tianyaleixiaolin.uplusserver.core.company.goods.IndexController.index1(java.lang.String,com.tianyaleixiaolin.uplusserver.core.company.goods.PtGoodsPlan)
44148 [main] INFO  o.s.w.s.m.m.a.RequestMappingHandlerMapping - Mapped "{[/dict],methods=[POST]}" onto public com.tianyaleixiaolin.uplusserver.global.bean.BaseData com.tianyaleixiaolin.uplusserver.core.dict.DictController.add(com.tianyaleixiaolin.uplusserver.core.dict.PtDict)
44149 [main] INFO  o.s.w.s.m.m.a.RequestMappingHandlerMapping - Mapped "{[/dict],methods=[PUT]}" onto public com.tianyaleixiaolin.uplusserver.global.bean.BaseData com.tianyaleixiaolin.uplusserver.core.dict.DictController.update(com.tianyaleixiaolin.uplusserver.core.dict.PtDict)
44149 [main] INFO  o.s.w.s.m.m.a.RequestMappingHandlerMapping - Mapped "{[/dict/{id}],methods=[DELETE]}" onto public com.tianyaleixiaolin.uplusserver.global.bean.BaseData com.tianyaleixiaolin.uplusserver.core.dict.DictController.delete(java.lang.Long)
44149 [main] INFO  o.s.w.s.m.m.a.RequestMappingHandlerMapping - Mapped "{[/dict],methods=[GET]}" onto public com.tianyaleixiaolin.uplusserver.global.bean.BaseData com.tianyaleixiaolin.uplusserver.core.dict.DictController.query(java.lang.Integer,java.lang.String)
44150 [main] INFO  o.s.w.s.m.m.a.RequestMappingHandlerMapping - Mapped "{[/area],methods=[POST]}" onto public com.tianyaleixiaolin.uplusserver.global.bean.BaseData com.tianyaleixiaolin.uplusserver.core.dict.area.AreaController.add(com.tianyaleixiaolin.uplusserver.core.dict.area.AreaEntity)
44151 [main] INFO  o.s.w.s.m.m.a.RequestMappingHandlerMapping - Mapped "{[/area],methods=[GET]}" onto public com.tianyaleixiaolin.uplusserver.global.bean.BaseData com.tianyaleixiaolin.uplusserver.core.dict.area.AreaController.get(java.lang.Long)
44151 [main] INFO  o.s.w.s.m.m.a.RequestMappingHandlerMapping - Mapped "{[/area],methods=[PUT]}" onto public com.tianyaleixiaolin.uplusserver.global.bean.BaseData com.tianyaleixiaolin.uplusserver.core.dict.area.AreaController.update(com.tianyaleixiaolin.uplusserver.core.dict.area.AreaEntity)
44152 [main] INFO  o.s.w.s.m.m.a.RequestMappingHandlerMapping - Mapped "{[/area/{id}],methods=[DELETE]}" onto public com.tianyaleixiaolin.uplusserver.global.bean.BaseData com.tianyaleixiaolin.uplusserver.core.dict.area.AreaController.delete(java.lang.Long)
44153 [main] INFO  o.s.w.s.m.m.a.RequestMappingHandlerMapping - Mapped "{[/chinaMed],methods=[POST]}" onto public com.tianyaleixiaolin.uplusserver.global.bean.BaseData com.tianyaleixiaolin.uplusserver.core.medical.chinamed.ChinaMedController.add(com.tianyaleixiaolin.uplusserver.core.medical.chinamed.PtChinaMed,org.springframework.validation.BindingResult)
44154 [main] INFO  o.s.w.s.m.m.a.RequestMappingHandlerMapping - Mapped "{[/chinaMed],methods=[PUT]}" onto public com.tianyaleixiaolin.uplusserver.global.bean.BaseData com.tianyaleixiaolin.uplusserver.core.medical.chinamed.ChinaMedController.update(com.tianyaleixiaolin.uplusserver.core.medical.chinamed.PtChinaMed,org.springframework.validation.BindingResult)
44154 [main] INFO  o.s.w.s.m.m.a.RequestMappingHandlerMapping - Mapped "{[/chinaMed/{id}],methods=[DELETE]}" onto public com.tianyaleixiaolin.uplusserver.global.bean.BaseData com.tianyaleixiaolin.uplusserver.core.medical.chinamed.ChinaMedController.delete(java.lang.Long)
44154 [main] INFO  o.s.w.s.m.m.a.RequestMappingHandlerMapping - Mapped "{[/chinaMed],methods=[GET]}" onto public com.tianyaleixiaolin.uplusserver.global.bean.BaseData com.tianyaleixiaolin.uplusserver.core.medical.chinamed.ChinaMedController.list(com.tianyaleixiaolin.uplusserver.global.bean.request.ChinaMedListQueryModel)
44154 [main] INFO  o.s.w.s.m.m.a.RequestMappingHandlerMapping - Mapped "{[/chinaMed/{id}],methods=[GET]}" onto public com.tianyaleixiaolin.uplusserver.global.bean.BaseData com.tianyaleixiaolin.uplusserver.core.medical.chinamed.ChinaMedController.one(java.lang.Long)
44158 [main] INFO  o.s.w.s.m.m.a.RequestMappingHandlerMapping - Mapped "{[/chinaMedChild],methods=[POST]}" onto public com.tianyaleixiaolin.uplusserver.global.bean.BaseData com.tianyaleixiaolin.uplusserver.core.medical.chinamed.child.ChinaMedChildController.add(com.tianyaleixiaolin.uplusserver.core.medical.chinamed.child.PtChinaMedChild,org.springframework.validation.BindingResult)
44159 [main] INFO  o.s.w.s.m.m.a.RequestMappingHandlerMapping - Mapped "{[/chinaMedChild],methods=[PUT]}" onto public com.tianyaleixiaolin.uplusserver.global.bean.BaseData com.tianyaleixiaolin.uplusserver.core.medical.chinamed.child.ChinaMedChildController.update(com.tianyaleixiaolin.uplusserver.core.medical.chinamed.child.PtChinaMedChild,org.springframework.validation.BindingResult)
44159 [main] INFO  o.s.w.s.m.m.a.RequestMappingHandlerMapping - Mapped "{[/chinaMedChild/{id}],methods=[DELETE]}" onto public com.tianyaleixiaolin.uplusserver.global.bean.BaseData com.tianyaleixiaolin.uplusserver.core.medical.chinamed.child.ChinaMedChildController.delete(java.lang.Long)
44159 [main] INFO  o.s.w.s.m.m.a.RequestMappingHandlerMapping - Mapped "{[/chinaMedChild],methods=[GET]}" onto public com.tianyaleixiaolin.uplusserver.global.bean.BaseData com.tianyaleixiaolin.uplusserver.core.medical.chinamed.child.ChinaMedChildController.list(com.tianyaleixiaolin.uplusserver.global.bean.request.ChinaMedChildListQueryModel)
44160 [main] INFO  o.s.w.s.m.m.a.RequestMappingHandlerMapping - Mapped "{[/chinaMedChild/{id}],methods=[GET]}" onto public com.tianyaleixiaolin.uplusserver.global.bean.BaseData com.tianyaleixiaolin.uplusserver.core.medical.chinamed.child.ChinaMedChildController.one(java.lang.Long)
44161 [main] INFO  o.s.w.s.m.m.a.RequestMappingHandlerMapping - Mapped "{[/dentistry],methods=[POST]}" onto public com.tianyaleixiaolin.uplusserver.global.bean.BaseData com.tianyaleixiaolin.uplusserver.core.medical.dentistry.DentistryController.add(com.tianyaleixiaolin.uplusserver.core.medical.dentistry.PtDentistry,org.springframework.validation.BindingResult)
44162 [main] INFO  o.s.w.s.m.m.a.RequestMappingHandlerMapping - Mapped "{[/dentistry],methods=[PUT]}" onto public com.tianyaleixiaolin.uplusserver.global.bean.BaseData com.tianyaleixiaolin.uplusserver.core.medical.dentistry.DentistryController.update(com.tianyaleixiaolin.uplusserver.core.medical.dentistry.PtDentistry,org.springframework.validation.BindingResult)
44162 [main] INFO  o.s.w.s.m.m.a.RequestMappingHandlerMapping - Mapped "{[/dentistry/{id}],methods=[DELETE]}" onto public com.tianyaleixiaolin.uplusserver.global.bean.BaseData com.tianyaleixiaolin.uplusserver.core.medical.dentistry.DentistryController.delete(java.lang.Long)
44162 [main] INFO  o.s.w.s.m.m.a.RequestMappingHandlerMapping - Mapped "{[/dentistry],methods=[GET]}" onto public com.tianyaleixiaolin.uplusserver.global.bean.BaseData com.tianyaleixiaolin.uplusserver.core.medical.dentistry.DentistryController.list(com.tianyaleixiaolin.uplusserver.global.bean.request.DentistryListQueryModel)
44163 [main] INFO  o.s.w.s.m.m.a.RequestMappingHandlerMapping - Mapped "{[/dentistry/{id}],methods=[GET]}" onto public com.tianyaleixiaolin.uplusserver.global.bean.BaseData com.tianyaleixiaolin.uplusserver.core.medical.dentistry.DentistryController.one(java.lang.Long)
44164 [main] INFO  o.s.w.s.m.m.a.RequestMappingHandlerMapping - Mapped "{[/dentistryChild],methods=[POST]}" onto public com.tianyaleixiaolin.uplusserver.global.bean.BaseData com.tianyaleixiaolin.uplusserver.core.medical.dentistry.child.DentistryChildController.add(com.tianyaleixiaolin.uplusserver.core.medical.dentistry.child.PtDentistryChild,org.springframework.validation.BindingResult)
44165 [main] INFO  o.s.w.s.m.m.a.RequestMappingHandlerMapping - Mapped "{[/dentistryChild],methods=[PUT]}" onto public com.tianyaleixiaolin.uplusserver.global.bean.BaseData com.tianyaleixiaolin.uplusserver.core.medical.dentistry.child.DentistryChildController.update(com.tianyaleixiaolin.uplusserver.core.medical.dentistry.child.PtDentistryChild,org.springframework.validation.BindingResult)
44165 [main] INFO  o.s.w.s.m.m.a.RequestMappingHandlerMapping - Mapped "{[/dentistryChild/{id}],methods=[DELETE]}" onto public com.tianyaleixiaolin.uplusserver.global.bean.BaseData com.tianyaleixiaolin.uplusserver.core.medical.dentistry.child.DentistryChildController.delete(java.lang.Long)
44165 [main] INFO  o.s.w.s.m.m.a.RequestMappingHandlerMapping - Mapped "{[/dentistryChild],methods=[GET]}" onto public com.tianyaleixiaolin.uplusserver.global.bean.BaseData com.tianyaleixiaolin.uplusserver.core.medical.dentistry.child.DentistryChildController.list(com.tianyaleixiaolin.uplusserver.global.bean.request.DentistryChildListQueryModel)
44165 [main] INFO  o.s.w.s.m.m.a.RequestMappingHandlerMapping - Mapped "{[/dentistryChild/{id}],methods=[GET]}" onto public com.tianyaleixiaolin.uplusserver.global.bean.BaseData com.tianyaleixiaolin.uplusserver.core.medical.dentistry.child.DentistryChildController.one(java.lang.Long)
44167 [main] INFO  o.s.w.s.m.m.a.RequestMappingHandlerMapping - Mapped "{[/doctor],methods=[POST]}" onto public com.tianyaleixiaolin.uplusserver.global.bean.BaseData com.tianyaleixiaolin.uplusserver.core.medical.doctor.DoctorController.add(com.tianyaleixiaolin.uplusserver.core.medical.doctor.PtDoctor)
44167 [main] INFO  o.s.w.s.m.m.a.RequestMappingHandlerMapping - Mapped "{[/doctor],methods=[PUT]}" onto public com.tianyaleixiaolin.uplusserver.global.bean.BaseData com.tianyaleixiaolin.uplusserver.core.medical.doctor.DoctorController.update(com.tianyaleixiaolin.uplusserver.core.medical.doctor.PtDoctor)
44167 [main] INFO  o.s.w.s.m.m.a.RequestMappingHandlerMapping - Mapped "{[/doctor/{id}],methods=[DELETE]}" onto public com.tianyaleixiaolin.uplusserver.global.bean.BaseData com.tianyaleixiaolin.uplusserver.core.medical.doctor.DoctorController.delete(java.lang.Long)
44168 [main] INFO  o.s.w.s.m.m.a.RequestMappingHandlerMapping - Mapped "{[/doctor],methods=[GET]}" onto public com.tianyaleixiaolin.uplusserver.global.bean.BaseData com.tianyaleixiaolin.uplusserver.core.medical.doctor.DoctorController.list(com.tianyaleixiaolin.uplusserver.global.bean.request.DoctorListQueryModel)
44168 [main] INFO  o.s.w.s.m.m.a.RequestMappingHandlerMapping - Mapped "{[/doctor/{id}],methods=[GET]}" onto public com.tianyaleixiaolin.uplusserver.global.bean.BaseData com.tianyaleixiaolin.uplusserver.core.medical.doctor.DoctorController.one(java.lang.Long)
44170 [main] INFO  o.s.w.s.m.m.a.RequestMappingHandlerMapping - Mapped "{[/hospital],methods=[POST]}" onto public com.tianyaleixiaolin.uplusserver.global.bean.BaseData com.tianyaleixiaolin.uplusserver.core.medical.hospital.HospitalController.add(com.tianyaleixiaolin.uplusserver.core.medical.hospital.PtHospital)
44170 [main] INFO  o.s.w.s.m.m.a.RequestMappingHandlerMapping - Mapped "{[/hospital],methods=[PUT]}" onto public com.tianyaleixiaolin.uplusserver.global.bean.BaseData com.tianyaleixiaolin.uplusserver.core.medical.hospital.HospitalController.update(com.tianyaleixiaolin.uplusserver.core.medical.hospital.PtHospital)
44170 [main] INFO  o.s.w.s.m.m.a.RequestMappingHandlerMapping - Mapped "{[/hospital/{id}],methods=[DELETE]}" onto public com.tianyaleixiaolin.uplusserver.global.bean.BaseData com.tianyaleixiaolin.uplusserver.core.medical.hospital.HospitalController.delete(java.lang.Long)
44171 [main] INFO  o.s.w.s.m.m.a.RequestMappingHandlerMapping - Mapped "{[/hospital],methods=[GET]}" onto public com.tianyaleixiaolin.uplusserver.global.bean.BaseData com.tianyaleixiaolin.uplusserver.core.medical.hospital.HospitalController.list(com.tianyaleixiaolin.uplusserver.global.bean.request.HospitalListQueryModel)
44171 [main] INFO  o.s.w.s.m.m.a.RequestMappingHandlerMapping - Mapped "{[/hospital/{id}],methods=[GET]}" onto public com.tianyaleixiaolin.uplusserver.global.bean.BaseData com.tianyaleixiaolin.uplusserver.core.medical.hospital.HospitalController.one(java.lang.Long)
44173 [main] INFO  o.s.w.s.m.m.a.RequestMappingHandlerMapping - Mapped "{[/physical],methods=[POST]}" onto public com.tianyaleixiaolin.uplusserver.global.bean.BaseData com.tianyaleixiaolin.uplusserver.core.medical.physical.PhysicalController.add(com.tianyaleixiaolin.uplusserver.core.medical.physical.PtPhysical,org.springframework.validation.BindingResult)
44173 [main] INFO  o.s.w.s.m.m.a.RequestMappingHandlerMapping - Mapped "{[/physical],methods=[PUT]}" onto public com.tianyaleixiaolin.uplusserver.global.bean.BaseData com.tianyaleixiaolin.uplusserver.core.medical.physical.PhysicalController.update(com.tianyaleixiaolin.uplusserver.core.medical.physical.PtPhysical,org.springframework.validation.BindingResult)
44173 [main] INFO  o.s.w.s.m.m.a.RequestMappingHandlerMapping - Mapped "{[/physical/{id}],methods=[DELETE]}" onto public com.tianyaleixiaolin.uplusserver.global.bean.BaseData com.tianyaleixiaolin.uplusserver.core.medical.physical.PhysicalController.delete(java.lang.Long)
44174 [main] INFO  o.s.w.s.m.m.a.RequestMappingHandlerMapping - Mapped "{[/physical],methods=[GET]}" onto public com.tianyaleixiaolin.uplusserver.global.bean.BaseData com.tianyaleixiaolin.uplusserver.core.medical.physical.PhysicalController.list(com.tianyaleixiaolin.uplusserver.global.bean.request.PhysicalListQueryModel)
44174 [main] INFO  o.s.w.s.m.m.a.RequestMappingHandlerMapping - Mapped "{[/physical/{id}],methods=[GET]}" onto public com.tianyaleixiaolin.uplusserver.global.bean.BaseData com.tianyaleixiaolin.uplusserver.core.medical.physical.PhysicalController.one(java.lang.Long)
44175 [main] INFO  o.s.w.s.m.m.a.RequestMappingHandlerMapping - Mapped "{[/physicalChild],methods=[POST]}" onto public com.tianyaleixiaolin.uplusserver.global.bean.BaseData com.tianyaleixiaolin.uplusserver.core.medical.physical.child.PhysicalChildController.add(com.tianyaleixiaolin.uplusserver.core.medical.physical.child.PtPhysicalChild,org.springframework.validation.BindingResult)
44175 [main] INFO  o.s.w.s.m.m.a.RequestMappingHandlerMapping - Mapped "{[/physicalChild],methods=[PUT]}" onto public com.tianyaleixiaolin.uplusserver.global.bean.BaseData com.tianyaleixiaolin.uplusserver.core.medical.physical.child.PhysicalChildController.update(com.tianyaleixiaolin.uplusserver.core.medical.physical.child.PtPhysicalChild,org.springframework.validation.BindingResult)
44176 [main] INFO  o.s.w.s.m.m.a.RequestMappingHandlerMapping - Mapped "{[/physicalChild/{id}],methods=[DELETE]}" onto public com.tianyaleixiaolin.uplusserver.global.bean.BaseData com.tianyaleixiaolin.uplusserver.core.medical.physical.child.PhysicalChildController.delete(java.lang.Long)
44176 [main] INFO  o.s.w.s.m.m.a.RequestMappingHandlerMapping - Mapped "{[/physicalChild],methods=[GET]}" onto public com.tianyaleixiaolin.uplusserver.global.bean.BaseData com.tianyaleixiaolin.uplusserver.core.medical.physical.child.PhysicalChildController.list(com.tianyaleixiaolin.uplusserver.global.bean.request.PhysicalChildListQueryModel)
44176 [main] INFO  o.s.w.s.m.m.a.RequestMappingHandlerMapping - Mapped "{[/physicalChild/{id}],methods=[GET]}" onto public com.tianyaleixiaolin.uplusserver.global.bean.BaseData com.tianyaleixiaolin.uplusserver.core.medical.physical.child.PhysicalChildController.one(java.lang.Long)
44179 [main] INFO  o.s.w.s.m.m.a.RequestMappingHandlerMapping - Mapped "{[/order],methods=[POST]}" onto public com.tianyaleixiaolin.uplusserver.global.bean.BaseData com.tianyaleixiaolin.uplusserver.core.order.OrderController.add(com.tianyaleixiaolin.uplusserver.global.bean.request.OrderAddUpdateModel)
44180 [main] INFO  o.s.w.s.m.m.a.RequestMappingHandlerMapping - Mapped "{[/order],methods=[PUT]}" onto public com.tianyaleixiaolin.uplusserver.global.bean.BaseData com.tianyaleixiaolin.uplusserver.core.order.OrderController.update(com.tianyaleixiaolin.uplusserver.global.bean.request.OrderAddUpdateModel)
44180 [main] INFO  o.s.w.s.m.m.a.RequestMappingHandlerMapping - Mapped "{[/order/{id}],methods=[DELETE]}" onto public com.tianyaleixiaolin.uplusserver.global.bean.BaseData com.tianyaleixiaolin.uplusserver.core.order.OrderController.delete(java.lang.Long,java.lang.String,java.lang.String)
44181 [main] INFO  o.s.w.s.m.m.a.RequestMappingHandlerMapping - Mapped "{[/order],methods=[GET]}" onto public com.tianyaleixiaolin.uplusserver.global.bean.BaseData com.tianyaleixiaolin.uplusserver.core.order.OrderController.list(com.tianyaleixiaolin.uplusserver.global.bean.request.OrderListQueryModel)
44181 [main] INFO  o.s.w.s.m.m.a.RequestMappingHandlerMapping - Mapped "{[/order/{id}],methods=[GET]}" onto public com.tianyaleixiaolin.uplusserver.global.bean.BaseData com.tianyaleixiaolin.uplusserver.core.order.OrderController.one(java.lang.Long)
44182 [main] INFO  o.s.w.s.m.m.a.RequestMappingHandlerMapping - Mapped "{[/order/{id}/detail],methods=[GET]}" onto public com.tianyaleixiaolin.uplusserver.global.bean.BaseData com.tianyaleixiaolin.uplusserver.core.order.OrderController.detail(java.lang.Long)
44182 [main] INFO  o.s.w.s.m.m.a.RequestMappingHandlerMapping - Mapped "{[/order/{id}/detail/confirm],methods=[POST]}" onto public com.tianyaleixiaolin.uplusserver.global.bean.BaseData com.tianyaleixiaolin.uplusserver.core.order.OrderController.confirm(java.lang.Long,java.lang.Boolean)
44182 [main] INFO  o.s.w.s.m.m.a.RequestMappingHandlerMapping - Mapped "{[/order/tempList],methods=[GET]}" onto public com.tianyaleixiaolin.uplusserver.global.bean.BaseData com.tianyaleixiaolin.uplusserver.core.order.OrderController.confirm(com.tianyaleixiaolin.uplusserver.global.bean.request.OrderTempListQueryModel)
44183 [main] INFO  o.s.w.s.m.m.a.RequestMappingHandlerMapping - Mapped "{[/order/import],methods=[POST]}" onto public com.tianyaleixiaolin.uplusserver.global.bean.BaseData com.tianyaleixiaolin.uplusserver.core.order.OrderController.importCsv(org.springframework.web.multipart.MultipartFile,java.lang.Long)
44184 [main] INFO  o.s.w.s.m.m.a.RequestMappingHandlerMapping - Mapped "{[/customer],methods=[POST]}" onto public com.tianyaleixiaolin.uplusserver.global.bean.BaseData com.tianyaleixiaolin.uplusserver.core.order.customer.CustomerController.add(com.tianyaleixiaolin.uplusserver.global.bean.request.OrderAddUpdateModel)
44185 [main] INFO  o.s.w.s.m.m.a.RequestMappingHandlerMapping - Mapped "{[/customer],methods=[PUT]}" onto public com.tianyaleixiaolin.uplusserver.global.bean.BaseData com.tianyaleixiaolin.uplusserver.core.order.customer.CustomerController.update(com.tianyaleixiaolin.uplusserver.global.bean.request.OrderAddUpdateModel)
44185 [main] INFO  o.s.w.s.m.m.a.RequestMappingHandlerMapping - Mapped "{[/customer/{id}],methods=[DELETE]}" onto public com.tianyaleixiaolin.uplusserver.global.bean.BaseData com.tianyaleixiaolin.uplusserver.core.order.customer.CustomerController.delete(java.lang.Long,java.lang.String,java.lang.String)
44186 [main] INFO  o.s.w.s.m.m.a.RequestMappingHandlerMapping - Mapped "{[/customer],methods=[GET]}" onto public com.tianyaleixiaolin.uplusserver.global.bean.BaseData com.tianyaleixiaolin.uplusserver.core.order.customer.CustomerController.list(com.tianyaleixiaolin.uplusserver.global.bean.request.OrderListQueryModel)
44186 [main] INFO  o.s.w.s.m.m.a.RequestMappingHandlerMapping - Mapped "{[/customer/{id}],methods=[GET]}" onto public com.tianyaleixiaolin.uplusserver.global.bean.BaseData com.tianyaleixiaolin.uplusserver.core.order.customer.CustomerController.one(java.lang.Long)
44190 [main] INFO  o.s.w.s.m.m.a.RequestMappingHandlerMapping - Mapped "{[/groundPerson],methods=[POST]}" onto public com.tianyaleixiaolin.uplusserver.global.bean.BaseData com.tianyaleixiaolin.uplusserver.core.person.GroundPersonController.add(com.tianyaleixiaolin.uplusserver.core.person.PtGroundPerson)
44190 [main] INFO  o.s.w.s.m.m.a.RequestMappingHandlerMapping - Mapped "{[/groundPerson],methods=[PUT]}" onto public com.tianyaleixiaolin.uplusserver.global.bean.BaseData com.tianyaleixiaolin.uplusserver.core.person.GroundPersonController.update(com.tianyaleixiaolin.uplusserver.core.person.PtGroundPerson)
44191 [main] INFO  o.s.w.s.m.m.a.RequestMappingHandlerMapping - Mapped "{[/groundPerson/{id}],methods=[DELETE]}" onto public com.tianyaleixiaolin.uplusserver.global.bean.BaseData com.tianyaleixiaolin.uplusserver.core.person.GroundPersonController.delete(java.lang.Long)
44191 [main] INFO  o.s.w.s.m.m.a.RequestMappingHandlerMapping - Mapped "{[/groundPerson],methods=[GET]}" onto public com.tianyaleixiaolin.uplusserver.global.bean.BaseData com.tianyaleixiaolin.uplusserver.core.person.GroundPersonController.list(com.tianyaleixiaolin.uplusserver.global.bean.request.GroundPersonListQueryModel)
44191 [main] INFO  o.s.w.s.m.m.a.RequestMappingHandlerMapping - Mapped "{[/groundPerson/{id}],methods=[GET]}" onto public com.tianyaleixiaolin.uplusserver.global.bean.BaseData com.tianyaleixiaolin.uplusserver.core.person.GroundPersonController.one(java.lang.Long)
44195 [main] INFO  o.s.w.s.m.m.a.RequestMappingHandlerMapping - Mapped "{[/sign],methods=[POST]}" onto public com.tianyaleixiaolin.uplusserver.global.bean.BaseData com.tianyaleixiaolin.uplusserver.core.person.sign.SignController.add(com.tianyaleixiaolin.uplusserver.core.person.sign.PtSign)
44195 [main] INFO  o.s.w.s.m.m.a.RequestMappingHandlerMapping - Mapped "{[/sign],methods=[PUT]}" onto public com.tianyaleixiaolin.uplusserver.global.bean.BaseData com.tianyaleixiaolin.uplusserver.core.person.sign.SignController.update(com.tianyaleixiaolin.uplusserver.core.person.sign.PtSign)
44195 [main] INFO  o.s.w.s.m.m.a.RequestMappingHandlerMapping - Mapped "{[/sign/{id}],methods=[DELETE]}" onto public com.tianyaleixiaolin.uplusserver.global.bean.BaseData com.tianyaleixiaolin.uplusserver.core.person.sign.SignController.delete(java.lang.Long)
44196 [main] INFO  o.s.w.s.m.m.a.RequestMappingHandlerMapping - Mapped "{[/sign],methods=[GET]}" onto public com.tianyaleixiaolin.uplusserver.global.bean.BaseData com.tianyaleixiaolin.uplusserver.core.person.sign.SignController.list(java.lang.Long)
44196 [main] INFO  o.s.w.s.m.m.a.RequestMappingHandlerMapping - Mapped "{[/sign/{id}],methods=[GET]}" onto public com.tianyaleixiaolin.uplusserver.global.bean.BaseData com.tianyaleixiaolin.uplusserver.core.person.sign.SignController.one(java.lang.Long)
44197 [main] INFO  o.s.w.s.m.m.a.RequestMappingHandlerMapping - Mapped "{[/sign/checkSign],methods=[GET]}" onto public com.tianyaleixiaolin.uplusserver.global.bean.BaseData com.tianyaleixiaolin.uplusserver.core.person.sign.SignController.checkSign(java.lang.Long)
44197 [main] INFO  o.s.w.s.m.m.a.RequestMappingHandlerMapping - Mapped "{[/sign/beginSign],methods=[GET]}" onto public com.tianyaleixiaolin.uplusserver.global.bean.BaseData com.tianyaleixiaolin.uplusserver.core.person.sign.SignController.beginSign(java.lang.Long)
44197 [main] INFO  o.s.w.s.m.m.a.RequestMappingHandlerMapping - Mapped "{[/sign/downloadSign],methods=[GET]}" onto public com.tianyaleixiaolin.uplusserver.global.bean.BaseData com.tianyaleixiaolin.uplusserver.core.person.sign.SignController.down(java.lang.Long)
44199 [main] INFO  o.s.w.s.m.m.a.RequestMappingHandlerMapping - Mapped "{[/product],methods=[POST]}" onto public com.tianyaleixiaolin.uplusserver.global.bean.BaseData com.tianyaleixiaolin.uplusserver.core.product.ProductController.add(com.tianyaleixiaolin.uplusserver.global.bean.request.ProductAddUpdateModel)
44199 [main] INFO  o.s.w.s.m.m.a.RequestMappingHandlerMapping - Mapped "{[/product],methods=[PUT]}" onto public com.tianyaleixiaolin.uplusserver.global.bean.BaseData com.tianyaleixiaolin.uplusserver.core.product.ProductController.update(com.tianyaleixiaolin.uplusserver.global.bean.request.ProductAddUpdateModel)
44199 [main] INFO  o.s.w.s.m.m.a.RequestMappingHandlerMapping - Mapped "{[/product/{id}],methods=[DELETE]}" onto public com.tianyaleixiaolin.uplusserver.global.bean.BaseData com.tianyaleixiaolin.uplusserver.core.product.ProductController.delete(java.lang.Long)
44200 [main] INFO  o.s.w.s.m.m.a.RequestMappingHandlerMapping - Mapped "{[/product],methods=[GET]}" onto public com.tianyaleixiaolin.uplusserver.global.bean.BaseData com.tianyaleixiaolin.uplusserver.core.product.ProductController.list()
44200 [main] INFO  o.s.w.s.m.m.a.RequestMappingHandlerMapping - Mapped "{[/product/{id}],methods=[GET]}" onto public com.tianyaleixiaolin.uplusserver.global.bean.BaseData com.tianyaleixiaolin.uplusserver.core.product.ProductController.one(java.lang.Long)
44202 [main] INFO  o.s.w.s.m.m.a.RequestMappingHandlerMapping - Mapped "{[/weChat/regist],methods=[POST]}" onto public com.tianyaleixiaolin.uplusserver.global.bean.BaseData com.tianyaleixiaolin.uplusserver.core.product.WeChatController.add(com.tianyaleixiaolin.uplusserver.core.person.PtGroundPerson)
44202 [main] INFO  o.s.w.s.m.m.a.RequestMappingHandlerMapping - Mapped "{[/weChat/personState],methods=[GET]}" onto public com.tianyaleixiaolin.uplusserver.global.bean.BaseData com.tianyaleixiaolin.uplusserver.core.product.WeChatController.get()
44203 [main] INFO  o.s.w.s.m.m.a.RequestMappingHandlerMapping - Mapped "{[/weChat/orders/{id}/words],methods=[GET]}" onto public com.tianyaleixiaolin.uplusserver.global.bean.BaseData com.tianyaleixiaolin.uplusserver.core.product.WeChatController.words(java.lang.Long)
44203 [main] INFO  o.s.w.s.m.m.a.RequestMappingHandlerMapping - Mapped "{[/weChat],methods=[POST]}" onto public com.tianyaleixiaolin.uplusserver.global.bean.BaseData com.tianyaleixiaolin.uplusserver.core.product.WeChatController.login(java.lang.String,java.lang.String,java.lang.String,java.lang.String)
44204 [main] INFO  o.s.w.s.m.m.a.RequestMappingHandlerMapping - Mapped "{[/weChat/sms],methods=[GET]}" onto public com.tianyaleixiaolin.uplusserver.global.bean.BaseData com.tianyaleixiaolin.uplusserver.core.product.WeChatController.sms(java.lang.String)
44204 [main] INFO  o.s.w.s.m.m.a.RequestMappingHandlerMapping - Mapped "{[/weChat/checkCode],methods=[GET]}" onto public com.tianyaleixiaolin.uplusserver.global.bean.BaseData com.tianyaleixiaolin.uplusserver.core.product.WeChatController.checkSms(java.lang.String,java.lang.String)
44204 [main] INFO  o.s.w.s.m.m.a.RequestMappingHandlerMapping - Mapped "{[/weChat/qiniu/token],methods=[GET]}" onto public com.tianyaleixiaolin.uplusserver.global.bean.BaseData com.tianyaleixiaolin.uplusserver.core.product.WeChatController.qiniuToken()
44204 [main] INFO  o.s.w.s.m.m.a.RequestMappingHandlerMapping - Mapped "{[/weChat/orders/{id}],methods=[GET]}" onto public com.tianyaleixiaolin.uplusserver.global.bean.BaseData com.tianyaleixiaolin.uplusserver.core.product.WeChatController.orderOne(java.lang.Long)
44204 [main] INFO  o.s.w.s.m.m.a.RequestMappingHandlerMapping - Mapped "{[/weChat/orders],methods=[GET]}" onto public com.tianyaleixiaolin.uplusserver.global.bean.BaseData com.tianyaleixiaolin.uplusserver.core.product.WeChatController.orders(java.lang.Boolean,java.lang.String,java.lang.String)
44205 [main] INFO  o.s.w.s.m.m.a.RequestMappingHandlerMapping - Mapped "{[/weChat/orderFlow],methods=[PUT]}" onto public com.tianyaleixiaolin.uplusserver.global.bean.BaseData com.tianyaleixiaolin.uplusserver.core.product.WeChatController.modify(com.tianyaleixiaolin.uplusserver.core.product.flow.PtOrderFlow)
44205 [main] INFO  o.s.w.s.m.m.a.RequestMappingHandlerMapping - Mapped "{[/orderFlow/stateChange],methods=[POST]}" onto public com.tianyaleixiaolin.uplusserver.global.bean.BaseData com.tianyaleixiaolin.uplusserver.core.product.flow.OrderFlowController.notify(java.lang.Long,java.lang.Integer)
44206 [main] INFO  o.s.w.s.m.m.a.RequestMappingHandlerMapping - Mapped "{[/orderFlow/package]}" onto public com.tianyaleixiaolin.uplusserver.global.bean.BaseData com.tianyaleixiaolin.uplusserver.core.product.flow.OrderFlowController.packageBag(javax.servlet.http.HttpServletResponse,java.lang.String,java.lang.String) throws java.lang.Exception
44206 [main] INFO  o.s.w.s.m.m.a.RequestMappingHandlerMapping - Mapped "{[/orderFlow],methods=[PUT]}" onto public com.tianyaleixiaolin.uplusserver.global.bean.BaseData com.tianyaleixiaolin.uplusserver.core.product.flow.OrderFlowController.modify(com.tianyaleixiaolin.uplusserver.core.product.flow.PtOrderFlow)
44207 [main] INFO  o.s.w.s.m.m.a.RequestMappingHandlerMapping - Mapped "{[/claim],methods=[POST]}" onto public com.tianyaleixiaolin.uplusserver.global.bean.BaseData com.tianyaleixiaolin.uplusserver.core.product.flow.claim.ClaimController.add(com.tianyaleixiaolin.uplusserver.core.product.flow.claim.PtClaim)
44207 [main] INFO  o.s.w.s.m.m.a.RequestMappingHandlerMapping - Mapped "{[/claim],methods=[PUT]}" onto public com.tianyaleixiaolin.uplusserver.global.bean.BaseData com.tianyaleixiaolin.uplusserver.core.product.flow.claim.ClaimController.update(com.tianyaleixiaolin.uplusserver.core.product.flow.claim.PtClaim)
44207 [main] INFO  o.s.w.s.m.m.a.RequestMappingHandlerMapping - Mapped "{[/claim/{id}],methods=[DELETE]}" onto public com.tianyaleixiaolin.uplusserver.global.bean.BaseData com.tianyaleixiaolin.uplusserver.core.product.flow.claim.ClaimController.delete(java.lang.Long)
44208 [main] INFO  o.s.w.s.m.m.a.RequestMappingHandlerMapping - Mapped "{[/claim],methods=[GET]}" onto public com.tianyaleixiaolin.uplusserver.global.bean.BaseData com.tianyaleixiaolin.uplusserver.core.product.flow.claim.ClaimController.list(java.lang.Long)
44208 [main] INFO  o.s.w.s.m.m.a.RequestMappingHandlerMapping - Mapped "{[/orderFlowSetting],methods=[POST]}" onto public com.tianyaleixiaolin.uplusserver.global.bean.BaseData com.tianyaleixiaolin.uplusserver.core.product.flow.setting.OrderFlowSettingController.add(com.tianyaleixiaolin.uplusserver.core.product.flow.setting.PtOrderFlowSetting)
44209 [main] INFO  o.s.w.s.m.m.a.RequestMappingHandlerMapping - Mapped "{[/orderFlowSetting],methods=[PUT]}" onto public com.tianyaleixiaolin.uplusserver.global.bean.BaseData com.tianyaleixiaolin.uplusserver.core.product.flow.setting.OrderFlowSettingController.update(com.tianyaleixiaolin.uplusserver.core.product.flow.setting.PtOrderFlowSetting)
44209 [main] INFO  o.s.w.s.m.m.a.RequestMappingHandlerMapping - Mapped "{[/orderFlowSetting/{id}],methods=[DELETE]}" onto public com.tianyaleixiaolin.uplusserver.global.bean.BaseData com.tianyaleixiaolin.uplusserver.core.product.flow.setting.OrderFlowSettingController.delete(java.lang.Long)
44210 [main] INFO  o.s.w.s.m.m.a.RequestMappingHandlerMapping - Mapped "{[/orderFlowSetting],methods=[GET]}" onto public com.tianyaleixiaolin.uplusserver.global.bean.BaseData com.tianyaleixiaolin.uplusserver.core.product.flow.setting.OrderFlowSettingController.list(java.lang.Long)
44212 [main] INFO  o.s.w.s.m.m.a.RequestMappingHandlerMapping - Mapped "{[/productOrder],methods=[POST]}" onto public com.tianyaleixiaolin.uplusserver.global.bean.BaseData com.tianyaleixiaolin.uplusserver.core.product.order.ProductOrderController.add(com.tianyaleixiaolin.uplusserver.global.bean.request.ProductOrderAddModel)
44213 [main] INFO  o.s.w.s.m.m.a.RequestMappingHandlerMapping - Mapped "{[/productOrder],methods=[PUT]}" onto public com.tianyaleixiaolin.uplusserver.global.bean.BaseData com.tianyaleixiaolin.uplusserver.core.product.order.ProductOrderController.update(com.tianyaleixiaolin.uplusserver.global.bean.request.ProductOrderAddModel)
44213 [main] INFO  o.s.w.s.m.m.a.RequestMappingHandlerMapping - Mapped "{[/productOrder/{id}],methods=[DELETE]}" onto public com.tianyaleixiaolin.uplusserver.global.bean.BaseData com.tianyaleixiaolin.uplusserver.core.product.order.ProductOrderController.delete(java.lang.Long,java.lang.String)
44214 [main] INFO  o.s.w.s.m.m.a.RequestMappingHandlerMapping - Mapped "{[/productOrder],methods=[GET]}" onto public com.tianyaleixiaolin.uplusserver.global.bean.BaseData com.tianyaleixiaolin.uplusserver.core.product.order.ProductOrderController.list(com.tianyaleixiaolin.uplusserver.global.bean.request.ProductOrderListQueryModel)
44214 [main] INFO  o.s.w.s.m.m.a.RequestMappingHandlerMapping - Mapped "{[/productOrder/{id}],methods=[GET]}" onto public com.tianyaleixiaolin.uplusserver.global.bean.BaseData com.tianyaleixiaolin.uplusserver.core.product.order.ProductOrderController.one(java.lang.Long)
44214 [main] INFO  o.s.w.s.m.m.a.RequestMappingHandlerMapping - Mapped "{[/productOrder/{id}/groundPerson],methods=[POST]}" onto public com.tianyaleixiaolin.uplusserver.global.bean.BaseData com.tianyaleixiaolin.uplusserver.core.product.order.ProductOrderController.paidan(java.lang.Long,java.lang.Long,java.lang.String)
44215 [main] INFO  o.s.w.s.m.m.a.RequestMappingHandlerMapping - Mapped "{[/productOrder/{id}/hasReceive],methods=[POST]}" onto public com.tianyaleixiaolin.uplusserver.global.bean.BaseData com.tianyaleixiaolin.uplusserver.core.product.order.ProductOrderController.qiangdan(java.lang.Long)
44215 [main] INFO  o.s.w.s.m.m.a.RequestMappingHandlerMapping - Mapped "{[/productOrder/{id}/beginReceive],methods=[POST]}" onto public com.tianyaleixiaolin.uplusserver.global.bean.BaseData com.tianyaleixiaolin.uplusserver.core.product.order.ProductOrderController.beginqiangdan(java.lang.Long,java.lang.String,java.lang.String,java.lang.String)
44216 [main] INFO  o.s.w.s.m.m.a.RequestMappingHandlerMapping - Mapped "{[/productOrder/{id}/groundPerson],methods=[PUT]}" onto public com.tianyaleixiaolin.uplusserver.global.bean.BaseData com.tianyaleixiaolin.uplusserver.core.product.order.ProductOrderController.paidanOther(java.lang.Long,java.lang.Long,java.lang.String)
44216 [main] INFO  o.s.w.s.m.m.a.RequestMappingHandlerMapping - Mapped "{[/productOrder/orderFlow],methods=[PUT]}" onto public com.tianyaleixiaolin.uplusserver.global.bean.BaseData com.tianyaleixiaolin.uplusserver.core.product.order.ProductOrderController.orderFlow(com.tianyaleixiaolin.uplusserver.core.product.flow.PtOrderFlow)
44217 [main] INFO  o.s.w.s.m.m.a.RequestMappingHandlerMapping - Mapped "{[/menu],methods=[POST]}" onto public com.tianyaleixiaolin.uplusserver.global.bean.BaseData com.tianyaleixiaolin.uplusserver.core.user.menu.MenuController.add(com.tianyaleixiaolin.uplusserver.core.user.menu.PtMenu)
44218 [main] INFO  o.s.w.s.m.m.a.RequestMappingHandlerMapping - Mapped "{[/menu],methods=[GET]}" onto public com.tianyaleixiaolin.uplusserver.global.bean.BaseData com.tianyaleixiaolin.uplusserver.core.user.menu.MenuController.get(java.lang.Long)
44218 [main] INFO  o.s.w.s.m.m.a.RequestMappingHandlerMapping - Mapped "{[/menu],methods=[PUT]}" onto public com.tianyaleixiaolin.uplusserver.global.bean.BaseData com.tianyaleixiaolin.uplusserver.core.user.menu.MenuController.update(com.tianyaleixiaolin.uplusserver.core.user.menu.PtMenu)
44218 [main] INFO  o.s.w.s.m.m.a.RequestMappingHandlerMapping - Mapped "{[/menu/{id}],methods=[DELETE]}" onto public com.tianyaleixiaolin.uplusserver.global.bean.BaseData com.tianyaleixiaolin.uplusserver.core.user.menu.MenuController.delete(java.lang.Long)
44220 [main] INFO  o.s.w.s.m.m.a.RequestMappingHandlerMapping - Mapped "{[/role],methods=[POST]}" onto public com.tianyaleixiaolin.uplusserver.global.bean.BaseData com.tianyaleixiaolin.uplusserver.core.user.role.RoleController.add(com.tianyaleixiaolin.uplusserver.global.bean.request.RoleAddRequestModel)
44220 [main] INFO  o.s.w.s.m.m.a.RequestMappingHandlerMapping - Mapped "{[/role],methods=[GET]}" onto public com.tianyaleixiaolin.uplusserver.global.bean.BaseData com.tianyaleixiaolin.uplusserver.core.user.role.RoleController.get()
44220 [main] INFO  o.s.w.s.m.m.a.RequestMappingHandlerMapping - Mapped "{[/role],methods=[PUT]}" onto public com.tianyaleixiaolin.uplusserver.global.bean.BaseData com.tianyaleixiaolin.uplusserver.core.user.role.RoleController.update(com.tianyaleixiaolin.uplusserver.global.bean.request.RoleAddRequestModel)
44220 [main] INFO  o.s.w.s.m.m.a.RequestMappingHandlerMapping - Mapped "{[/role/{id}],methods=[DELETE]}" onto public com.tianyaleixiaolin.uplusserver.global.bean.BaseData com.tianyaleixiaolin.uplusserver.core.user.role.RoleController.delete(java.lang.Long)
44221 [main] INFO  o.s.w.s.m.m.a.RequestMappingHandlerMapping - Mapped "{[/role/{id}],methods=[GET]}" onto public com.tianyaleixiaolin.uplusserver.global.bean.BaseData com.tianyaleixiaolin.uplusserver.core.user.role.RoleController.one(java.lang.Long)
44222 [main] INFO  o.s.w.s.m.m.a.RequestMappingHandlerMapping - Mapped "{[/user],methods=[POST]}" onto public com.tianyaleixiaolin.uplusserver.global.bean.BaseData com.tianyaleixiaolin.uplusserver.core.user.user.UserController.add(com.tianyaleixiaolin.uplusserver.global.bean.request.UserAddRequestModel,org.springframework.validation.BindingResult)
44222 [main] INFO  o.s.w.s.m.m.a.RequestMappingHandlerMapping - Mapped "{[/user],methods=[PUT]}" onto public com.tianyaleixiaolin.uplusserver.global.bean.BaseData com.tianyaleixiaolin.uplusserver.core.user.user.UserController.update(com.tianyaleixiaolin.uplusserver.global.bean.request.UserAddRequestModel,org.springframework.validation.BindingResult)
44222 [main] INFO  o.s.w.s.m.m.a.RequestMappingHandlerMapping - Mapped "{[/user],methods=[GET]}" onto public com.tianyaleixiaolin.uplusserver.global.bean.BaseData com.tianyaleixiaolin.uplusserver.core.user.user.UserController.find()
44222 [main] INFO  o.s.w.s.m.m.a.RequestMappingHandlerMapping - Mapped "{[/user/{id}],methods=[DELETE]}" onto public com.tianyaleixiaolin.uplusserver.global.bean.BaseData com.tianyaleixiaolin.uplusserver.core.user.user.UserController.delete(java.lang.Long)
44223 [main] INFO  o.s.w.s.m.m.a.RequestMappingHandlerMapping - Mapped "{[/user/{id}],methods=[GET]}" onto public com.tianyaleixiaolin.uplusserver.global.bean.BaseData com.tianyaleixiaolin.uplusserver.core.user.user.UserController.one(java.lang.Long)
44223 [main] INFO  o.s.w.s.m.m.a.RequestMappingHandlerMapping - Mapped "{[/user/password],methods=[PUT]}" onto public com.tianyaleixiaolin.uplusserver.global.bean.BaseData com.tianyaleixiaolin.uplusserver.core.user.user.UserController.password(java.lang.String,java.lang.String)
44223 [main] INFO  o.s.w.s.m.m.a.RequestMappingHandlerMapping - Mapped "{[/user/menu],methods=[GET]}" onto public com.tianyaleixiaolin.uplusserver.global.bean.BaseData com.tianyaleixiaolin.uplusserver.core.user.user.UserController.menus()
44223 [main] INFO  o.s.w.s.m.m.a.RequestMappingHandlerMapping - Mapped "{[/error]}" onto public java.lang.Object com.tianyaleixiaolin.uplusserver.global.exception.NotFoundController.error()
44281 [main] INFO  o.s.w.s.h.SimpleUrlHandlerMapping - Mapped URL path [/webjars/**] onto handler of type [class org.springframework.web.servlet.resource.ResourceHttpRequestHandler]
44283 [main] INFO  o.s.w.s.h.SimpleUrlHandlerMapping - Mapped URL path [/**] onto handler of type [class org.springframework.web.servlet.resource.ResourceHttpRequestHandler]
44381 [main] INFO  o.s.w.s.m.m.a.ExceptionHandlerExceptionResolver - Detected @ExceptionHandler methods in globalExceptionHandler
45369 [main] INFO  o.s.c.s.DefaultLifecycleProcessor - Starting beans in phase 0
45392 [main] INFO  c.t.u.UplusserverApplicationTests - Started UplusserverApplicationTests in 45.137 seconds (JVM running for 46.072)
45635 [Thread-7] INFO  com.yunpian.sdk.YunpianClient - YunpianClient is closing!
45660 [Thread-7] INFO  com.zaxxer.hikari.HikariDataSource - HikariPool-1 - Shutdown initiated...
45666 [Thread-7] INFO  com.zaxxer.hikari.HikariDataSource - HikariPool-1 - Shutdown completed.
